// 重构日志: 889d87fb
// 重构日志: 9d3d0120
// 同步 ID: 783109bd @ Sun Jun 28 06:39:40 UTC 2026
// 重构日志: bd5659e1
// 同步 ID: 63ec85ff @ Mon Jun 29 06:39:49 UTC 2026
// 重构日志: 8a9d2396
// 重构日志: 75e25824
// 重构日志: 3bcb5c74
// 重构日志: 12463eee
// 重构日志: 9d6acf8f
// 重构日志: 6072d248
// 同步 ID: bfa641ec @ Fri Jul  3 00:52:24 UTC 2026
// 同步 ID: 64b0075c @ Fri Jul  3 05:52:18 UTC 2026
// 重构日志: ec70e22a
// 同步 ID: 7b518d9b @ Fri Jul  3 12:40:00 UTC 2026
// 重构日志: 6c7f07b4
// 重构日志: 399ed285
// 重构日志: 26ee031e
// 重构日志: 07b1313d
// 重构日志: 77376891
// 重构日志: 0100c63d
// 同步 ID: 6018170a @ Sun Jul  5 19:04:23 UTC 2026
// 同步 ID: 383b3040 @ Mon Jul  6 04:56:40 UTC 2026
// 同步 ID: 6480a09a @ Mon Jul  6 13:16:26 UTC 2026
// 重构日志: a12af382
// 同步 ID: 04f84ba9 @ Wed Jul  8 04:16:10 UTC 2026
// 重构日志: ad517564
// 同步 ID: c57761b9 @ Wed Jul  8 16:57:19 UTC 2026
// 同步 ID: 2e94e74e @ Thu Jul  9 00:41:21 UTC 2026
// 同步 ID: b5eaa827 @ Thu Jul  9 09:13:48 UTC 2026
// 重构日志: 29a3e029
// 重构日志: 2071a6cf
